This file contains any messages produced by compilers while
running configure, to aid debugging if configure makes a mistake.

It was created by configure, which was
generated by GNU Autoconf 2.59.  Invocation command line was

  $ ./configure 

## --------- ##
## Platform. ##
## --------- ##

hostname = darkstar.local
uname -m = x86_64
uname -r = 19.6.0
uname -s = Darwin
uname -v = Darwin Kernel Version 19.6.0: Mon Aug 31 22:12:52 PDT 2020; root:xnu-6153.141.2~1/RELEASE_X86_64

/usr/bin/uname -p = i386
/bin/uname -X     = unknown

/bin/arch              = unknown
/usr/bin/arch -k       = unknown
/usr/convex/getsysinfo = unknown
hostinfo               = Mach kernel version:
	 Darwin Kernel Version 19.6.0: Mon Aug 31 22:12:52 PDT 2020; root:xnu-6153.141.2~1/RELEASE_X86_64
Kernel configured for up to 8 processors.
4 processors are physically available.
8 processors are logically available.
Processor type: x86_64h (Intel x86-64h Haswell)
Processors active: 0 1 2 3 4 5 6 7
Primary memory available: 16.00 gigabytes
Default processor set: 410 tasks, 2006 threads, 8 processors
Load average: 2.70, Mach factor: 5.28
/bin/machine           = unknown
/usr/bin/oslevel       = unknown
/bin/universe          = unknown

PATH: /Users/hampa/.pyenv/shims
PATH: /usr/local/bin
PATH: /usr/bin
PATH: /bin
PATH: /usr/sbin
PATH: /sbin
PATH: /usr/local/share/dotnet
PATH: /Users/hampa/.dotnet/tools
PATH: /Library/Frameworks/Mono.framework/Versions/Current/Commands
PATH: /usr/local/git/bin


## ----------- ##
## Core tests. ##
## ----------- ##

configure:1555: checking for a BSD-compatible install
configure:1610: result: /usr/bin/install -c
configure:1621: checking whether build environment is sane
configure:1664: result: yes
configure:1688: WARNING: `missing' script is too old or missing
configure:1729: checking for gawk
configure:1758: result: no
configure:1729: checking for mawk
configure:1758: result: no
configure:1729: checking for nawk
configure:1758: result: no
configure:1729: checking for awk
configure:1745: found /usr/bin/awk
configure:1755: result: awk
configure:1765: checking whether make sets $(MAKE)
configure:1785: result: yes
configure:2004: checking for gcc
configure:2020: found /usr/bin/gcc
configure:2030: result: gcc
configure:2274: checking for C compiler version
configure:2277: gcc --version </dev/null >&5
Configured with: --prefix=/Applications/Xcode.app/Contents/Developer/usr --with-gxx-include-dir=/Applications/Xcode.app/Contents/Developer/Platforms/MacOSX.platform/Developer/SDKs/MacOSX.sdk/usr/include/c++/4.2.1
Apple clang version 12.0.0 (clang-1200.0.32.21)
Target: x86_64-apple-darwin19.6.0
Thread model: posix
InstalledDir: /Applications/Xcode.app/Contents/Developer/Toolchains/XcodeDefault.xctoolchain/usr/bin
configure:2280: $? = 0
configure:2282: gcc -v </dev/null >&5
Configured with: --prefix=/Applications/Xcode.app/Contents/Developer/usr --with-gxx-include-dir=/Applications/Xcode.app/Contents/Developer/Platforms/MacOSX.platform/Developer/SDKs/MacOSX.sdk/usr/include/c++/4.2.1
Apple clang version 12.0.0 (clang-1200.0.32.21)
Target: x86_64-apple-darwin19.6.0
Thread model: posix
InstalledDir: /Applications/Xcode.app/Contents/Developer/Toolchains/XcodeDefault.xctoolchain/usr/bin
configure:2285: $? = 0
configure:2287: gcc -V </dev/null >&5
clang: error: argument to '-V' is missing (expected 1 value)
clang: error: no input files
configure:2290: $? = 1
configure:2313: checking for C compiler default output file name
configure:2316: gcc   -L/usr/local/opt/python@3.8/lib conftest.c  >&5
configure:2319: $? = 0
configure:2365: result: a.out
configure:2370: checking whether the C compiler works
configure:2376: ./a.out
configure:2379: $? = 0
configure:2396: result: yes
configure:2403: checking whether we are cross compiling
configure:2405: result: no
configure:2408: checking for suffix of executables
configure:2410: gcc -o conftest   -L/usr/local/opt/python@3.8/lib conftest.c  >&5
configure:2413: $? = 0
configure:2438: result: 
configure:2444: checking for suffix of object files
configure:2465: gcc -c   conftest.c >&5
configure:2468: $? = 0
configure:2490: result: o
configure:2494: checking whether we are using the GNU C compiler
configure:2518: gcc -c   conftest.c >&5
configure:2524: $? = 0
configure:2528: test -z 
			 || test ! -s conftest.err
configure:2531: $? = 0
configure:2534: test -s conftest.o
configure:2537: $? = 0
configure:2550: result: yes
configure:2556: checking whether gcc accepts -g
configure:2577: gcc -c -g  conftest.c >&5
configure:2583: $? = 0
configure:2587: test -z 
			 || test ! -s conftest.err
configure:2590: $? = 0
configure:2593: test -s conftest.o
configure:2596: $? = 0
configure:2607: result: yes
configure:2624: checking for gcc option to accept ANSI C
configure:2694: gcc  -c -g -O2  conftest.c >&5
configure:2700: $? = 0
configure:2704: test -z 
			 || test ! -s conftest.err
configure:2707: $? = 0
configure:2710: test -s conftest.o
configure:2713: $? = 0
configure:2731: result: none needed
configure:2749: gcc -c -g -O2  conftest.c >&5
conftest.c:2:3: error: unknown type name 'choke'
  choke me
  ^
conftest.c:2:11: error: expected ';' after top level declarator
  choke me
          ^
          ;
2 errors generated.
configure:2755: $? = 1
configure: failed program was:
| #ifndef __cplusplus
|   choke me
| #endif
configure:2899: checking for style of include used by make
configure:2927: result: GNU
configure:2955: checking dependency style of gcc
configure:3045: result: gcc3
configure:3075: checking for a BSD-compatible install
configure:3130: result: /usr/bin/install -c
configure:3145: checking for perl5
configure:3176: result: no
configure:3185: checking for perl
configure:3203: found /usr/bin/perl
configure:3216: result: /usr/bin/perl
configure:3396: error: could not find BerkleyDB in any include directories.

## ---------------- ##
## Cache variables. ##
## ---------------- ##

ac_cv_c_compiler_gnu=yes
ac_cv_env_CC_set=
ac_cv_env_CC_value=
ac_cv_env_CFLAGS_set=
ac_cv_env_CFLAGS_value=
ac_cv_env_CPPFLAGS_set=
ac_cv_env_CPPFLAGS_value=
ac_cv_env_CPP_set=
ac_cv_env_CPP_value=
ac_cv_env_CXXCPP_set=
ac_cv_env_CXXCPP_value=
ac_cv_env_CXXFLAGS_set=
ac_cv_env_CXXFLAGS_value=
ac_cv_env_CXX_set=
ac_cv_env_CXX_value=
ac_cv_env_F77_set=
ac_cv_env_F77_value=
ac_cv_env_FFLAGS_set=
ac_cv_env_FFLAGS_value=
ac_cv_env_LDFLAGS_set=set
ac_cv_env_LDFLAGS_value=-L/usr/local/opt/python@3.8/lib
ac_cv_env_build_alias_set=
ac_cv_env_build_alias_value=
ac_cv_env_host_alias_set=
ac_cv_env_host_alias_value=
ac_cv_env_target_alias_set=
ac_cv_env_target_alias_value=
ac_cv_exeext=
ac_cv_objext=o
ac_cv_path_PERL=/usr/bin/perl
ac_cv_path_PERL5=no
ac_cv_path_install='/usr/bin/install -c'
ac_cv_prog_AWK=awk
ac_cv_prog_ac_ct_CC=gcc
ac_cv_prog_cc_g=yes
ac_cv_prog_cc_stdc=
ac_cv_prog_make_make_set=yes
am_cv_CC_dependencies_compiler_type=gcc3

## ----------------- ##
## Output variables. ##
## ----------------- ##

ACLOCAL='aclocal-1.9'
AMDEPBACKSLASH='\'
AMDEP_FALSE='#'
AMDEP_TRUE=''
AMTAR='tar'
AR=''
AUTOCONF='autoconf'
AUTOHEADER='autoheader'
AUTOMAKE='automake-1.9'
AWK='awk'
CC='gcc'
CCDEPMODE='depmode=gcc3'
CFLAGS='-g -O2'
CMDDFLAGS=''
CMDPREFIX=''
CPP=''
CPPFLAGS=''
CXX=''
CXXCPP=''
CXXDEPMODE=''
CXXFLAGS=''
CYGPATH_W='echo'
DEFS=''
DEPDIR='.deps'
ECHO='/bin/echo'
ECHO_C='ECHO_N=''
ECHO_T=''
EGREP=''
EXEEXT=''
F77=''
FFLAGS=''
HDBD_CPPFLAGS=''
INSTALL_DATA='${INSTALL} -m 644'
INSTALL_PROGRAM='${INSTALL}'
INSTALL_SCRIPT='${INSTALL}'
INSTALL_STRIP_PROGRAM='${SHELL} $(install_sh) -c -s'
LDFLAGS='-L/usr/local/opt/python@3.8/lib'
LIBDFLAGS=''
LIBOBJS=''
LIBS=''
LIBTOOL=''
LIB_AGE='0'
LIB_CURRENT='1'
LIB_REVISION='0'
LN_S=''
LTLIBOBJS=''
MAKEINFO='makeinfo'
OBJEXT='o'
PACKAGE='hdb'
PACKAGE_BUGREPORT=''
PACKAGE_NAME=''
PACKAGE_STRING=''
PACKAGE_TARNAME=''
PACKAGE_VERSION=''
PATH_SEPARATOR=':'
PERL5='no'
PERL='/usr/bin/perl'
RANLIB=''
SET_MAKE=''
SHELL='/bin/sh'
STRIP=''
TARGETS=''
VERSION='1.0.1'
WITHOUT_HDB_NETWORK_FALSE=''
WITHOUT_HDB_NETWORK_TRUE='#'
ac_ct_AR=''
ac_ct_CC='gcc'
ac_ct_CXX=''
ac_ct_F77=''
ac_ct_RANLIB=''
ac_ct_STRIP=''
am__fastdepCC_FALSE='#'
am__fastdepCC_TRUE=''
am__fastdepCXX_FALSE=''
am__fastdepCXX_TRUE=''
am__include='include'
am__leading_dot='.'
am__quote=''
am__tar='${AMTAR} chof - "$$tardir"'
am__untar='${AMTAR} xf -'
bindir='${exec_prefix}/bin'
build=''
build_alias=''
build_cpu=''
build_os=''
build_vendor=''
datadir='${prefix}/share'
exec_prefix='NONE'
host=''
host_alias=''
host_cpu=''
host_os=''
host_vendor=''
includedir='${prefix}/include'
infodir='${prefix}/info'
install_sh='/Users/hampa/Downloads/hdb-1.0.1/install-sh'
libdir='${exec_prefix}/lib'
libexecdir='${exec_prefix}/libexec'
localstatedir='${prefix}/var'
mandir='${prefix}/man'
mkdir_p='$(mkinstalldirs)'
oldincludedir='/usr/include'
perl_dirs='src/perl'
prefix='NONE'
program_transform_name='s,x,x,'
sbindir='${exec_prefix}/sbin'
sharedstatedir='${prefix}/com'
sysconfdir='${prefix}/etc'
target_alias=''

## ----------- ##
## confdefs.h. ##
## ----------- ##

#define PACKAGE "hdb"
#define PACKAGE_BUGREPORT ""
#define PACKAGE_NAME ""
#define PACKAGE_STRING ""
#define PACKAGE_TARNAME ""
#define PACKAGE_VERSION ""
#define VERSION "1.0.1"

configure: exit 1
